{"C:\\GIT\\personal\\tokopaedi-microservices\\services\\user-service\\src\\services\\UserService.ts": {"path":"C:\\GIT\\personal\\tokopaedi-microservices\\services\\user-service\\src\\services\\UserService.ts","statementMap":{"0":{"start":{"line":10,"column":16},"end":{"line":10,"column":null}},"1":{"start":{"line":11,"column":16},"end":{"line":11,"column":null}},"2":{"start":{"line":12,"column":16},"end":{"line":12,"column":null}},"3":{"start":{"line":16,"column":29},"end":{"line":16,"column":null}},"4":{"start":{"line":17,"column":8},"end":{"line":19,"column":null}},"5":{"start":{"line":18,"column":12},"end":{"line":18,"column":null}},"6":{"start":{"line":21,"column":30},"end":{"line":21,"column":null}},"7":{"start":{"line":23,"column":31},"end":{"line":23,"column":null}},"8":{"start":{"line":24,"column":27},"end":{"line":24,"column":null}},"9":{"start":{"line":26,"column":21},"end":{"line":34,"column":null}},"10":{"start":{"line":36,"column":8},"end":{"line":36,"column":null}},"11":{"start":{"line":38,"column":40},"end":{"line":47,"column":null}},"12":{"start":{"line":48,"column":8},"end":{"line":48,"column":null}},"13":{"start":{"line":50,"column":31},"end":{"line":50,"column":null}},"14":{"start":{"line":52,"column":22},"end":{"line":52,"column":null}},"15":{"start":{"line":54,"column":8},"end":{"line":54,"column":null}},"16":{"start":{"line":58,"column":21},"end":{"line":58,"column":null}},"17":{"start":{"line":60,"column":8},"end":{"line":62,"column":null}},"18":{"start":{"line":61,"column":12},"end":{"line":61,"column":null}},"19":{"start":{"line":64,"column":24},"end":{"line":64,"column":null}},"20":{"start":{"line":65,"column":8},"end":{"line":67,"column":null}},"21":{"start":{"line":66,"column":12},"end":{"line":66,"column":null}},"22":{"start":{"line":69,"column":31},"end":{"line":69,"column":null}},"23":{"start":{"line":71,"column":22},"end":{"line":71,"column":null}},"24":{"start":{"line":73,"column":8},"end":{"line":73,"column":null}},"25":{"start":{"line":77,"column":24},"end":{"line":77,"column":null}},"26":{"start":{"line":79,"column":21},"end":{"line":81,"column":null}},"27":{"start":{"line":83,"column":8},"end":{"line":85,"column":null}},"28":{"start":{"line":84,"column":12},"end":{"line":84,"column":null}},"29":{"start":{"line":87,"column":8},"end":{"line":87,"column":null}},"30":{"start":{"line":88,"column":8},"end":{"line":88,"column":null}},"31":{"start":{"line":89,"column":8},"end":{"line":89,"column":null}},"32":{"start":{"line":91,"column":41},"end":{"line":98,"column":null}},"33":{"start":{"line":99,"column":8},"end":{"line":99,"column":null}},"34":{"start":{"line":101,"column":8},"end":{"line":101,"column":null}},"35":{"start":{"line":105,"column":21},"end":{"line":107,"column":null}},"36":{"start":{"line":109,"column":8},"end":{"line":111,"column":null}},"37":{"start":{"line":110,"column":12},"end":{"line":110,"column":null}},"38":{"start":{"line":115,"column":54},"end":{"line":115,"column":null}},"39":{"start":{"line":116,"column":8},"end":{"line":116,"column":null}},"40":{"start":{"line":120,"column":37},"end":{"line":120,"column":null}},"41":{"start":{"line":121,"column":8},"end":{"line":121,"column":null}}},"fnMap":{"0":{"name":"(anonymous_0)","decl":{"start":{"line":9,"column":4},"end":{"line":9,"column":null}},"loc":{"start":{"line":13,"column":6},"end":{"line":13,"column":null}},"line":13},"1":{"name":"(anonymous_1)","decl":{"start":{"line":15,"column":10},"end":{"line":15,"column":19}},"loc":{"start":{"line":15,"column":106},"end":{"line":55,"column":null}},"line":15},"2":{"name":"(anonymous_2)","decl":{"start":{"line":57,"column":10},"end":{"line":57,"column":16}},"loc":{"start":{"line":57,"column":89},"end":{"line":74,"column":null}},"line":57},"3":{"name":"(anonymous_3)","decl":{"start":{"line":76,"column":10},"end":{"line":76,"column":22}},"loc":{"start":{"line":76,"column":52},"end":{"line":102,"column":null}},"line":76},"4":{"name":"(anonymous_4)","decl":{"start":{"line":104,"column":10},"end":{"line":104,"column":19}},"loc":{"start":{"line":104,"column":50},"end":{"line":117,"column":null}},"line":104},"5":{"name":"(anonymous_5)","decl":{"start":{"line":119,"column":12},"end":{"line":119,"column":26}},"loc":{"start":{"line":119,"column":70},"end":{"line":122,"column":null}},"line":119}},"branchMap":{"0":{"loc":{"start":{"line":17,"column":8},"end":{"line":19,"column":null}},"type":"if","locations":[{"start":{"line":17,"column":8},"end":{"line":19,"column":null}},{"start":{},"end":{}}],"line":17},"1":{"loc":{"start":{"line":60,"column":8},"end":{"line":62,"column":null}},"type":"if","locations":[{"start":{"line":60,"column":8},"end":{"line":62,"column":null}},{"start":{},"end":{}}],"line":60},"2":{"loc":{"start":{"line":65,"column":8},"end":{"line":67,"column":null}},"type":"if","locations":[{"start":{"line":65,"column":8},"end":{"line":67,"column":null}},{"start":{},"end":{}}],"line":65},"3":{"loc":{"start":{"line":83,"column":8},"end":{"line":85,"column":null}},"type":"if","locations":[{"start":{"line":83,"column":8},"end":{"line":85,"column":null}},{"start":{},"end":{}}],"line":83},"4":{"loc":{"start":{"line":109,"column":8},"end":{"line":111,"column":null}},"type":"if","locations":[{"start":{"line":109,"column":8},"end":{"line":111,"column":null}},{"start":{},"end":{}}],"line":109}},"s":{"0":4,"1":4,"2":4,"3":2,"4":2,"5":1,"6":1,"7":1,"8":1,"9":1,"10":1,"11":1,"12":1,"13":1,"14":1,"15":1,"16":0,"17":0,"18":0,"19":0,"20":0,"21":0,"22":0,"23":0,"24":0,"25":0,"26":0,"27":0,"28":0,"29":0,"30":0,"31":0,"32":0,"33":0,"34":0,"35":2,"36":2,"37":1,"38":1,"39":1,"40":2,"41":2},"f":{"0":4,"1":2,"2":0,"3":0,"4":2,"5":2},"b":{"0":[1,1],"1":[0,0],"2":[0,0],"3":[0,0],"4":[1,1]},"meta":{"lastBranch":5,"lastFunction":6,"lastStatement":42,"seen":{"f:9:4:9:Infinity":0,"s:10:16:10:Infinity":0,"s:11:16:11:Infinity":1,"s:12:16:12:Infinity":2,"f:15:10:15:19":1,"s:16:29:16:Infinity":3,"b:17:8:19:Infinity:undefined:undefined:undefined:undefined":0,"s:17:8:19:Infinity":4,"s:18:12:18:Infinity":5,"s:21:30:21:Infinity":6,"s:23:31:23:Infinity":7,"s:24:27:24:Infinity":8,"s:26:21:34:Infinity":9,"s:36:8:36:Infinity":10,"s:38:40:47:Infinity":11,"s:48:8:48:Infinity":12,"s:50:31:50:Infinity":13,"s:52:22:52:Infinity":14,"s:54:8:54:Infinity":15,"f:57:10:57:16":2,"s:58:21:58:Infinity":16,"b:60:8:62:Infinity:undefined:undefined:undefined:undefined":1,"s:60:8:62:Infinity":17,"s:61:12:61:Infinity":18,"s:64:24:64:Infinity":19,"b:65:8:67:Infinity:undefined:undefined:undefined:undefined":2,"s:65:8:67:Infinity":20,"s:66:12:66:Infinity":21,"s:69:31:69:Infinity":22,"s:71:22:71:Infinity":23,"s:73:8:73:Infinity":24,"f:76:10:76:22":3,"s:77:24:77:Infinity":25,"s:79:21:81:Infinity":26,"b:83:8:85:Infinity:undefined:undefined:undefined:undefined":3,"s:83:8:85:Infinity":27,"s:84:12:84:Infinity":28,"s:87:8:87:Infinity":29,"s:88:8:88:Infinity":30,"s:89:8:89:Infinity":31,"s:91:41:98:Infinity":32,"s:99:8:99:Infinity":33,"s:101:8:101:Infinity":34,"f:104:10:104:19":4,"s:105:21:107:Infinity":35,"b:109:8:111:Infinity:undefined:undefined:undefined:undefined":4,"s:109:8:111:Infinity":36,"s:110:12:110:Infinity":37,"s:115:54:115:Infinity":38,"s:116:8:116:Infinity":39,"f:119:12:119:26":5,"s:120:37:120:Infinity":40,"s:121:8:121:Infinity":41}}}
}
